0 info it worked if it ends with ok
1 verbose cli [ '/usr/local/bin/node',
1 verbose cli   '/usr/local/bin/npm',
1 verbose cli   'run',
1 verbose cli   'browserify' ]
2 info using npm@1.4.28
3 info using node@v0.10.35
4 verbose run-script [ 'prebrowserify', 'browserify', 'postbrowserify' ]
5 info prebrowserify booking-widget@0.1.0
6 info browserify booking-widget@0.1.0
7 verbose unsafe-perm in lifecycle true
8 info booking-widget@0.1.0 Failed to exec browserify script
9 error booking-widget@0.1.0 browserify: `browserify src/utilities/frontEndActions.js -o assets/js/bundle.js`
9 error Exit status 1
10 error Failed at the booking-widget@0.1.0 browserify script.
10 error This is most likely a problem with the booking-widget package,
10 error not with npm itself.
10 error Tell the author that this fails on your system:
10 error     browserify src/utilities/frontEndActions.js -o assets/js/bundle.js
10 error You can get their info via:
10 error     npm owner ls booking-widget
10 error There is likely additional logging output above.
11 error System Darwin 14.1.0
12 error command "/usr/local/bin/node" "/usr/local/bin/npm" "run" "browserify"
13 error cwd /Users/fmaffei/Documents/projects/node/booking-widget
14 error node -v v0.10.35
15 error npm -v 1.4.28
16 error code ELIFECYCLE
17 verbose exit [ 1, true ]
